


ARM Macro Assembler    Page 1 


    1 00000000                 AREA             ARRAY,CODE,READONLY
    2 00000000                 ENTRY
    3 00000000 E3A05002        MOV              R5,#2
    4 00000004 E3A06001        MOV              R6,#1
    5 00000008 E59F1018        LDR              R1,=ARM_STATE
    6 0000000C E59F0018        LDR              R0,=ARM_ST
    7 00000010 E0D120B1 
                       LOOP    LDRH             R2,[R1],#1
    8 00000014 E0C020B1        STRH             R2,[R0],#1
    9 00000018 E0555006        SUBS             R5,R6
   10 0000001C 1AFFFFFB        BNE              LOOP
   11 00000020 EAFFFFFE 
                       LOOP1   B                LOOP1
   12 00000024 11 22 33 
              44       ARM_STATE
                               DCB              0X11,0X22,0X33,0X44
   13 00000028 00000000 
              00000000         AREA             SAMP,DATA,READWRITE
   14 00000000 00      ARM_ST  DCB              0
   15 00000001                 END
Command Line: --debug --xref --apcs=interwork --depend=.\half-word.d -o.\half-w
ord.o -IC:\Keil\ARM\RV31\INC -IC:\Keil\ARM\CMSIS\Include -IC:\Keil\ARM\Inc\Phil
ips --predefine="__EVAL SETA 1" --list=.\half-word.lst ..\..\06-08-19\Half-word
\half-word.s



ARM Macro Assembler    Page 1 Alphabetic symbol ordering
Relocatable symbols

ARM_STATE 00000024

Symbol: ARM_STATE
   Definitions
      At line 12 in file ..\..\06-08-19\Half-word\half-word.s
   Uses
      At line 5 in file ..\..\06-08-19\Half-word\half-word.s
Comment: ARM_STATE used once
ARRAY 00000000

Symbol: ARRAY
   Definitions
      At line 1 in file ..\..\06-08-19\Half-word\half-word.s
   Uses
      None
Comment: ARRAY unused
LOOP 00000010

Symbol: LOOP
   Definitions
      At line 7 in file ..\..\06-08-19\Half-word\half-word.s
   Uses
      At line 10 in file ..\..\06-08-19\Half-word\half-word.s
Comment: LOOP used once
LOOP1 00000020

Symbol: LOOP1
   Definitions
      At line 11 in file ..\..\06-08-19\Half-word\half-word.s
   Uses
      At line 11 in file ..\..\06-08-19\Half-word\half-word.s
Comment: LOOP1 used once
4 symbols



ARM Macro Assembler    Page 1 Alphabetic symbol ordering
Relocatable symbols

ARM_ST 00000000

Symbol: ARM_ST
   Definitions
      At line 14 in file ..\..\06-08-19\Half-word\half-word.s
   Uses
      At line 6 in file ..\..\06-08-19\Half-word\half-word.s
Comment: ARM_ST used once
SAMP 00000000

Symbol: SAMP
   Definitions
      At line 13 in file ..\..\06-08-19\Half-word\half-word.s
   Uses
      None
Comment: SAMP unused
2 symbols
339 symbols in table
