


ARM Macro Assembler    Page 1 


    1 00000000                 AREA             NAVEEN,CODE,READONLY
    2 00000000         
    3 00000000                 ENTRY
    4 00000000         
    5 00000000 E3A00001        MOV              R0,#0X01
    6 00000004 E3A01001        MOV              R1,#0X01
    7 00000008 E0803001        ADD              R3,R0,R1
    8 0000000C         
    9 0000000C                 END
Command Line: --debug --xref --apcs=interwork --depend=.\add.d -o.\add.o -IC:\K
eil\ARM\RV31\INC -IC:\Keil\ARM\CMSIS\Include -IC:\Keil\ARM\Inc\Philips --predef
ine="__RTX SETA 1" --predefine="__EVAL SETA 1" --list=.\add.lst Add.s



ARM Macro Assembler    Page 1 Alphabetic symbol ordering
Relocatable symbols

NAVEEN 00000000

Symbol: NAVEEN
   Definitions
      At line 1 in file Add.s
   Uses
      None
Comment: NAVEEN unused
1 symbol
333 symbols in table
